2023-05-01 22:51:48.222 [main] INFO  org.example.RemoteChromeControl - Starting Chrome driver
2023-05-01 22:51:49.545 [main] INFO  org.example.RemoteChromeControl - Navigating to Facebook login page
2023-05-01 22:51:54.221 [main] INFO  org.example.RemoteChromeControl - Attempting to accept cookies
2023-05-01 22:51:54.311 [main] INFO  org.example.RemoteChromeControl - Clicking the 'Accept' button in the cookies popup
2023-05-01 22:52:03.139 [main] INFO  org.example.RemoteChromeControl - Logging in
2023-05-01 22:52:50.225 [main] INFO  org.example.RemoteChromeControl - Starting Chrome driver
2023-05-01 22:52:51.473 [main] INFO  org.example.RemoteChromeControl - Navigating to Facebook login page
2023-05-01 22:52:58.051 [main] INFO  org.example.RemoteChromeControl - Attempting to accept cookies
2023-05-01 22:52:58.147 [main] INFO  org.example.RemoteChromeControl - Clicking the 'Accept' button in the cookies popup
2023-05-01 22:53:07.830 [main] INFO  org.example.RemoteChromeControl - Logging in
2023-05-01 22:53:30.160 [main] INFO  org.example.RemoteChromeControl - Publishing post
2023-05-01 22:53:35.891 [main] INFO  org.example.RemoteChromeControl - Navigating to profile
2023-05-01 22:53:39.929 [main] INFO  org.example.RemoteChromeControl - Logging out
2023-05-01 22:58:26.559 [main] INFO  org.example.RemoteChromeControl - Starting Chrome driver
2023-05-01 22:58:27.821 [main] INFO  org.example.RemoteChromeControl - Navigating to Facebook login page
2023-05-01 22:58:36.138 [main] INFO  org.example.RemoteChromeControl - Attempting to accept cookies
2023-05-01 22:58:36.215 [main] INFO  org.example.RemoteChromeControl - Clicking the 'Accept' button in the cookies popup
2023-05-01 22:58:47.318 [main] INFO  org.example.RemoteChromeControl - Logging in
2023-05-01 22:59:06.845 [main] INFO  org.example.RemoteChromeControl - Publishing post
2023-05-01 22:59:12.227 [main] INFO  org.example.RemoteChromeControl - Navigating to profile
2023-05-12 00:45:00.871 [main] INFO  org.example.RemoteChromeControl - Starting Chrome driver
2023-05-12 00:45:03.013 [main] INFO  org.example.RemoteChromeControl - Navigating to Facebook login page
2023-05-12 00:45:10.843 [main] INFO  org.example.RemoteChromeControl - Attempting to accept cookies
2023-05-12 00:45:10.952 [main] INFO  org.example.RemoteChromeControl - Clicking the 'Accept' button in the cookies popup
2023-05-12 00:45:20.667 [main] INFO  org.example.RemoteChromeControl - Logging in
2023-05-12 00:47:01.223 [main] INFO  org.example.RemoteChromeControl - Starting Chrome driver
2023-05-12 00:47:02.463 [main] INFO  org.example.RemoteChromeControl - Navigating to Facebook login page
2023-05-12 00:47:09.506 [main] INFO  org.example.RemoteChromeControl - Attempting to accept cookies
2023-05-12 00:47:09.588 [main] INFO  org.example.RemoteChromeControl - Clicking the 'Accept' button in the cookies popup
2023-05-12 00:47:17.161 [main] INFO  org.example.RemoteChromeControl - Logging in
2023-05-12 00:47:38.067 [main] INFO  org.example.RemoteChromeControl - Starting Chrome driver
2023-05-12 00:47:39.454 [main] INFO  org.example.RemoteChromeControl - Navigating to Facebook login page
2023-05-12 00:47:47.308 [main] INFO  org.example.RemoteChromeControl - Attempting to accept cookies
2023-05-12 00:47:47.446 [main] INFO  org.example.RemoteChromeControl - Clicking the 'Accept' button in the cookies popup
2023-05-12 00:47:57.665 [main] INFO  org.example.RemoteChromeControl - Logging in
2023-05-12 00:48:13.420 [main] INFO  org.example.RemoteChromeControl - Starting Chrome driver
2023-05-12 00:48:14.772 [main] INFO  org.example.RemoteChromeControl - Navigating to Facebook login page
2023-05-12 00:48:19.246 [main] INFO  org.example.RemoteChromeControl - Attempting to accept cookies
2023-05-12 00:48:19.330 [main] INFO  org.example.RemoteChromeControl - Clicking the 'Accept' button in the cookies popup
2023-05-12 00:48:30.143 [main] INFO  org.example.RemoteChromeControl - Logging in
2023-05-12 00:54:53.598 [main] INFO  org.example.RemoteChromeControl - Starting Chrome driver
2023-05-12 01:22:21.188 [main] INFO  org.example.RemoteChromeControl - Starting Chrome driver
2023-05-12 01:22:27.123 [main] INFO  org.example.RemoteChromeControl - Starting Chrome driver
2023-05-12 01:22:28.227 [main] INFO  org.example.RemoteChromeControl - Navigating to Facebook login page
2023-05-12 01:22:35.297 [main] INFO  org.example.RemoteChromeControl - Attempting to accept cookies
2023-05-12 01:22:35.373 [main] INFO  org.example.RemoteChromeControl - Clicking the 'Accept' button in the cookies popup
2023-05-12 01:22:44.876 [main] INFO  org.example.RemoteChromeControl - Logging in
2023-05-12 01:24:42.900 [main] INFO  org.example.RemoteChromeControl - Starting Chrome driver
2023-05-12 01:24:44.067 [main] INFO  org.example.RemoteChromeControl - Navigating to Facebook login page
2023-05-12 01:24:49.309 [main] INFO  org.example.RemoteChromeControl - Attempting to accept cookies
2023-05-12 01:24:49.378 [main] INFO  org.example.RemoteChromeControl - Clicking the 'Accept' button in the cookies popup
2023-05-12 01:35:56.274 [main] INFO  org.example.RemoteChromeControl - Starting Chrome driver
2023-05-12 01:35:57.472 [main] INFO  org.example.RemoteChromeControl - Navigating to Facebook login page
2023-05-12 01:36:02.987 [main] INFO  org.example.RemoteChromeControl - Attempting to accept cookies
2023-05-12 01:36:03.067 [main] INFO  org.example.RemoteChromeControl - Clicking the 'Accept' button in the cookies popup
2023-05-12 01:36:13.711 [main] INFO  org.example.RemoteChromeControl - Logging in
2023-05-12 01:36:33.528 [main] INFO  org.example.RemoteChromeControl - Publishing post
2023-05-12 01:36:39.305 [main] INFO  org.example.RemoteChromeControl - Navigating to profile
2023-05-12 01:36:44.425 [main] INFO  org.example.RemoteChromeControl - Logging out
2023-05-12 01:38:39.726 [main] INFO  org.example.RemoteChromeControl - Starting Chrome driver
2023-05-12 01:38:40.915 [main] INFO  org.example.RemoteChromeControl - Navigating to Facebook login page
2023-05-12 01:38:45.125 [main] INFO  org.example.RemoteChromeControl - Attempting to accept cookies
2023-05-12 01:38:45.193 [main] INFO  org.example.RemoteChromeControl - Clicking the 'Accept' button in the cookies popup
maj 12, 2023 2:28:30 FM org.example.RemoteChromeControl main
INFO: Starting Chrome driver
maj 12, 2023 2:28:31 FM org.example.RemoteChromeControl main
INFO: Navigating to Facebook login page
maj 12, 2023 2:28:37 FM org.example.RemoteChromeControl main
INFO: Attempting to accept cookies
maj 12, 2023 2:28:38 FM org.example.RemoteChromeControl main
INFO: Clicking the 'Accept' button in the cookies popup
maj 12, 2023 2:28:47 FM org.example.RemoteChromeControl main
INFO: Logging in
maj 12, 2023 2:29:14 FM org.example.RemoteChromeControl main
ALLVARLIG: Failed to log in. Wrong username or password.
maj 12, 2023 2:29:14 FM org.example.RemoteChromeControl main
ALLVARLIG: An error occurred while executing the script
org.openqa.selenium.NoSuchSessionException: Session ID is null. Using WebDriver after calling quit()?
Build info: version: '4.8.2', revision: '826dbfc730'
System info: os.name: 'Linux', os.arch: 'amd64', os.version: '5.19.0-41-generic', java.version: '11.0.18'
Driver info: org.openqa.selenium.chrome.ChromeDriver
Command: [null, findElement {using=xpath, value=/html/body/div[1]/div/div[1]/div/div[3]/div/div/div/div[1]/div[1]/div/div[2]/div/div/div/div[3]/div/div[2]/div/div/div/div[1]/div/div[1]/span}]
Capabilities {acceptInsecureCerts: false, browserName: chrome, browserVersion: 112.0.5615.165, chrome: {chromedriverVersion: 112.0.5615.49 (bd2a7bcb881c..., userDataDir: /tmp/.com.google.Chrome.mL98Ws}, goog:chromeOptions: {debuggerAddress: localhost:39329}, networkConnectionEnabled: false, pageLoadStrategy: normal, platformName: LINUX, proxy: Proxy(), se:cdp: ws://localhost:39329/devtoo..., se:cdpVersion: 112.0.5615.165, setWindowRect: true, strictFileInteractability: false, timeouts: {implicit: 0, pageLoad: 300000, script: 30000}, unhandledPromptBehavior: dismiss and notify, webauthn:extension:credBlob: true, webauthn:extension:largeBlob: true, webauthn:extension:minPinLength: true, webauthn:extension:prf: true, webauthn:virtualAuthenticators: true}
	at org.openqa.selenium.remote.HttpCommandExecutor.execute(HttpCommandExecutor.java:154)
	at org.openqa.selenium.remote.service.DriverCommandExecutor.invokeExecute(DriverCommandExecutor.java:183)
	at org.openqa.selenium.remote.service.DriverCommandExecutor.execute(DriverCommandExecutor.java:158)
	at org.openqa.selenium.remote.RemoteWebDriver.execute(RemoteWebDriver.java:543)
	at org.openqa.selenium.remote.ElementLocation$ElementFinder$2.findElement(ElementLocation.java:162)
	at org.openqa.selenium.remote.ElementLocation.findElement(ElementLocation.java:60)
	at org.openqa.selenium.remote.RemoteWebDriver.findElement(RemoteWebDriver.java:352)
	at org.openqa.selenium.remote.RemoteWebDriver.findElement(RemoteWebDriver.java:344)
	at org.example.RemoteChromeControl.main(RemoteChromeControl.java:94)

maj 12, 2023 2:42:38 FM org.example.RemoteChromeControl main
INFO: Starting Chrome driver
maj 12, 2023 2:42:40 FM org.example.RemoteChromeControl main
INFO: Navigating to Facebook login page
maj 12, 2023 2:42:46 FM org.example.RemoteChromeControl main
INFO: Attempting to accept cookies
maj 12, 2023 2:42:46 FM org.example.RemoteChromeControl main
INFO: Clicking the 'Accept' button in the cookies popup
maj 12, 2023 2:42:58 FM org.example.RemoteChromeControl main
INFO: Logging in
maj 12, 2023 2:43:50 FM org.example.RemoteChromeControl main
INFO: Starting Chrome driver
maj 12, 2023 2:43:52 FM org.example.RemoteChromeControl main
INFO: Navigating to Facebook login page
maj 12, 2023 2:43:56 FM org.example.RemoteChromeControl main
INFO: Attempting to accept cookies
maj 12, 2023 2:43:56 FM org.example.RemoteChromeControl main
INFO: Clicking the 'Accept' button in the cookies popup
maj 12, 2023 2:44:07 FM org.example.RemoteChromeControl main
INFO: Logging in
maj 12, 2023 2:44:21 FM org.example.RemoteChromeControl main
ALLVARLIG: Failed to log in. Wrong username or password.
maj 12, 2023 2:44:21 FM org.example.RemoteChromeControl main
ALLVARLIG: An error occurred while executing the script
java.lang.Exception: Failed to log in. Wrong username or password.
	at org.example.RemoteChromeControl.main(RemoteChromeControl.java:90)

